warning: variable "current_user" is unused (if the variable is not meant to be used, prefix it with an underscore)
  lib/graphql/resolvers/search.ex:22

warning: variable "additional" is unused (if the variable is not meant to be used, prefix it with an underscore)
  lib/federation/activity_pub/types/actors.ex:204

warning: redefining @doc attribute previously set at line 49.

Please remove the duplicate docs. If instead you want to override a previously defined @doc, attach the @doc attribute to a function head (the function signature not followed by any do-block). For example:

    @doc """
    new docs
    """
    def actor_tokens(...)

  lib/graphql/resolvers/feed_token.ex:62

warning: clauses with the same name and arity (number of arguments) should be grouped together, "def actor_tokens/3" was previously defined (lib/graphql/resolvers/feed_token.ex:53)
  lib/graphql/resolvers/feed_token.ex:89

warning: string() type use is discouraged. For character lists, use charlist() type, for strings, String.t()
    lib/graphql/resolvers/feed_token.ex:80: Mobilizon.GraphQL.Resolvers.FeedToken (module)

  lib/graphql/resolvers/feed_token.ex:80

warning: module attribute @allow_listed_locales was set but never used
  lib/service/language_detection/language_detection.ex:17

warning: unused alias HTML
  lib/service/language_detection/language_detection.ex:5

[info] Source for database :city not found: "/var/lib/mobilizon/geo/GeoLite2-City.mmdb"
[error] Running Mobilizon.Web.Endpoint with Bandit 1.2.3 at http failed, port 4000 already in use
[notice] Application mobilizon exited: Mobilizon.start(:normal, []) returned an error: shutdown: failed to start child: Mobilizon.Web.Endpoint
    ** (EXIT) shutdown: failed to start child: {Mobilizon.Web.Endpoint, :http}
        ** (EXIT) shutdown: failed to start child: :listener
            ** (EXIT) :eaddrinuse
[notice] Application credo_code_climate exited: :stopped
[notice] Application credo exited: :stopped
[notice] Application bunt exited: :stopped
[notice] Application ecto_dev_logger exited: :stopped
[notice] Application haversine exited: :stopped
[notice] Application doctor exited: :stopped
[notice] Application sobelow exited: :stopped
[notice] Application ex_machina exited: :stopped
[notice] Application phoenix_live_reload exited: :stopped
[notice] Application file_system exited: :stopped
[notice] Application rajska exited: :stopped
[notice] Application hammer exited: :stopped
[notice] Application poolboy exited: :stopped
[notice] Application exkismet exited: :stopped
[notice] Application replug exited: :stopped
[notice] Application unplug exited: :stopped
[notice] Application vite_phx exited: :stopped
[notice] Application codepagex exited: :stopped
[notice] Application tz_world exited: :stopped
[notice] Application export exited: :stopped
[notice] Application erlport exited: :stopped
[notice] Application nimble_csv exited: :stopped
[notice] Application struct_access exited: :stopped
[notice] Application eblurhash exited: :stopped
[notice] Application web_push_encryption exited: :stopped
[notice] Application html_entities exited: :stopped
[notice] Application sentry exited: :stopped
[notice] Application slugger exited: :stopped
[notice] Application ex_cldr_languages exited: :stopped
[notice] Application remote_ip exited: :stopped
[notice] Application sitemapper exited: :stopped
[notice] Application ecto_shortuuid exited: :stopped
[notice] Application shortuuid exited: :stopped
[notice] Application ueberauth_linkedin exited: :stopped
[notice] Application ueberauth_cas exited: :stopped
[notice] Application sweet_xml exited: :stopped
[notice] Application ueberauth_gitlab_strategy exited: :stopped
[notice] Application ueberauth_keycloak_strategy exited: :stopped
[notice] Application ueberauth_google exited: :stopped
[notice] Application ueberauth_facebook exited: :stopped
[notice] Application ueberauth_github exited: :stopped
[notice] Application ueberauth_discord exited: :stopped
[notice] Application ueberauth_twitter exited: :stopped
[notice] Application oauther exited: :stopped
[notice] Application httpoison exited: :stopped
[notice] Application oauth2 exited: :stopped
[notice] Application tesla exited: :stopped
[notice] Application ueberauth exited: :stopped
[notice] Application fast_sanitize exited: :stopped
[notice] Application fast_html exited: :stopped
[notice] Application nimble_pool exited: :stopped
[notice] Application ip_reserved exited: :stopped
[notice] Application inet_cidr exited: :stopped
[notice] Application floki exited: :stopped
[notice] Application oban exited: :stopped
[notice] Application progress_bar exited: :stopped
[notice] Application ex_optimizer exited: :stopped
[notice] Application file_info exited: :stopped
[notice] Application mimetype_parser exited: :stopped
[notice] Application ex_cldr_plugs exited: :stopped
[notice] Application ex_cldr_dates_times exited: :stopped
[notice] Application ex_cldr_calendars exited: :stopped
[notice] Application ex_cldr_numbers exited: :stopped
[notice] Application digital_token exited: :stopped
[notice] Application ex_cldr_currencies exited: :stopped
[notice] Application tools exited: :stopped
[notice] Application ex_cldr exited: :stopped
[notice] Application cldr_utils exited: :stopped
[notice] Application ex_unit exited: :stopped
[notice] Application http_signatures exited: :stopped
[notice] Application linkify exited: :stopped
[notice] Application mogrify exited: :stopped
[notice] Application geohax exited: :stopped
[notice] Application atomex exited: :stopped
[notice] Application xml_builder exited: :stopped
[notice] Application absinthe_phoenix exited: :stopped
[notice] Application absinthe_plug exited: :stopped
[notice] Application absinthe exited: :stopped
[notice] Application dataloader exited: :stopped
[notice] Application nimble_parsec exited: :stopped
[notice] Application geolix_adapter_mmdb2 exited: :stopped
[notice] Application mmdb2_decoder exited: :stopped
[notice] Application phoenix_swoosh exited: :stopped
[notice] Application swoosh exited: :stopped
[notice] Application gen_smtp exited: :stopped
[notice] Application ranch exited: :stopped
[notice] Application xmerl exited: :stopped
[notice] Application ex_ical exited: :stopped
[notice] Application ecto_enum exited: :stopped
[notice] Application exgravatar exited: :stopped
[notice] Application icalendar exited: :stopped
[notice] Application timex exited: :stopped
[notice] Application combine exited: :stopped
[notice] Application tzdata exited: :stopped
[notice] Application hackney exited: :stopped
[notice] Application metrics exited: :stopped
[notice] Application parse_trans exited: :stopped
[notice] Application syntax_tools exited: :stopped
[notice] Application certifi exited: :stopped
[notice] Application mimerl exited: :stopped
[notice] Application idna exited: :stopped
[notice] Application unicode_util_compat exited: :stopped
[notice] Application geo_postgis exited: :stopped
[notice] Application geo exited: :stopped
[notice] Application ecto_autoslug_field exited: :stopped
[notice] Application slugify exited: :stopped
[notice] Application cors_plug exited: :stopped
[notice] Application argon2_elixir exited: :stopped
[notice] Application comeonin exited: :stopped
[notice] Application guardian_phoenix exited: :stopped
[notice] Application guardian_db exited: :stopped
[notice] Application ecto_sql exited: :stopped
[notice] Application gettext exited: :stopped
[notice] Application expo exited: :stopped
[notice] Application phoenix_live_view exited: :stopped
[notice] Application postgrex exited: :stopped
[notice] Application db_connection exited: :stopped
[notice] Application phoenix_ecto exited: :stopped
[notice] Application ecto exited: :stopped
[notice] Application phoenix exited: :stopped
[notice] Application jason exited: :stopped
[notice] Application decimal exited: :stopped
[notice] Application castore exited: :stopped
[notice] Application phoenix_view exited: :stopped
[notice] Application websock_adapter exited: :stopped
[notice] Application bandit exited: :stopped
[notice] Application hpax exited: :stopped
[notice] Application thousand_island exited: :stopped
[notice] Application websock exited: :stopped
[notice] Application phoenix_template exited: :stopped
[notice] Application phoenix_html exited: :stopped
[notice] Application phoenix_pubsub exited: :stopped
[notice] Application cachex exited: :stopped
[notice] Application sleeplocks exited: :stopped
[notice] Application jumper exited: :stopped
[notice] Application eternal exited: :stopped
[notice] Application unsafe exited: :stopped
[notice] Application geolix exited: :stopped
[notice] Application guardian exited: :stopped
[notice] Application plug exited: :stopped
[notice] Application telemetry exited: :stopped
[notice] Application plug_crypto exited: :stopped
[notice] Application mime exited: :stopped
[notice] Application eex exited: :stopped
[notice] Application jose exited: :stopped
[notice] Application runtime_tools exited: :stopped
[notice]     application: tls_certificate_check
    exited: stopped
    type: temporary

[notice]     application: ssl_verify_fun
    exited: stopped
    type: temporary

** (Mix) Could not start application mobilizon: Mobilizon.start(:normal, []) returned an error: shutdown: failed to start child: Mobilizon.Web.Endpoint
    ** (EXIT) shutdown: failed to start child: {Mobilizon.Web.Endpoint, :http}
        ** (EXIT) shutdown: failed to start child: :listener
            ** (EXIT) :eaddrinuse
